<?xml version="1.0" encoding="UTF-8"?>
<!-- Generated by org.testng.reporters.JUnitXMLReporter -->
<testsuite hostname="VelMurugan-PC" ignored="0" name="TestFirFox" tests="5" failures="0" timestamp="16 May 2019 12:56:42 GMT" time="27.413" errors="0">
  <testcase name="@BeforeClass setUp" time="25.979" classname="com.ttsl.crmapplogintestcase.LoginTestCase">
    <failure type="org.openqa.selenium.UnsupportedCommandException" message="Error 404: Not Found
Not Found
Command duration or timeout: 9.66 seconds
Build info: version: &amp;apos;3.14.0&amp;apos;, revision: &amp;apos;aacccce0&amp;apos;, time: &amp;apos;2018-08-02T20:19:58.91Z&amp;apos;
System info: host: &amp;apos;VELMURUGAN-PC&amp;apos;, ip: &amp;apos;192.168.43.65&amp;apos;, os.name: &amp;apos;Windows 7&amp;apos;, os.arch: &amp;apos;x86&amp;apos;, os.version: &amp;apos;6.1&amp;apos;, java.version: &amp;apos;1.8.0_151&amp;apos;
Driver info: org.openqa.selenium.ie.InternetExplorerDriver
Capabilities {browserAttachTimeout: 0, browserName: internet explorer, elementScrollBehavior: 0, enableElementCacheCleanup: true, enablePersistentHover: true, ie.browserCommandLineSwitches: , ie.enableFullPageScreenshot: true, ie.ensureCleanSession: false, ie.fileUploadDialogTimeout: 3000, ie.forceCreateProcessApi: false, ie.forceShellWindowsApi: false, ignoreProtectedModeSettings: false, ignoreZoomSetting: false, initialBrowserUrl: http://localhost:41793/, javascriptEnabled: true, nativeEvents: true, pageLoadStrategy: normal, platform: WINDOWS, platformName: WINDOWS, requireWindowFocus: false, unexpectedAlertBehaviour: dismiss, unhandledPromptBehavior: dismiss, version: 8}
Session ID: 25e6fb66-ee8a-4a48-8d56-10c3b0ef9db3
*** Element info: {Using=xpath, value=.//*[@id=&amp;apos;loginForm&amp;apos;]/div/input[1]}">
      <![CDATA[org.openqa.selenium.UnsupportedCommandException: Error 404: Not Found
Not Found
Command duration or timeout: 9.66 seconds
Build info: version: '3.14.0', revision: 'aacccce0', time: '2018-08-02T20:19:58.91Z'
System info: host: 'VELMURUGAN-PC', ip: '192.168.43.65', os.name: 'Windows 7', os.arch: 'x86', os.version: '6.1', java.version: '1.8.0_151'
Driver info: org.openqa.selenium.ie.InternetExplorerDriver
Capabilities {browserAttachTimeout: 0, browserName: internet explorer, elementScrollBehavior: 0, enableElementCacheCleanup: true, enablePersistentHover: true, ie.browserCommandLineSwitches: , ie.enableFullPageScreenshot: true, ie.ensureCleanSession: false, ie.fileUploadDialogTimeout: 3000, ie.forceCreateProcessApi: false, ie.forceShellWindowsApi: false, ignoreProtectedModeSettings: false, ignoreZoomSetting: false, initialBrowserUrl: http://localhost:41793/, javascriptEnabled: true, nativeEvents: true, pageLoadStrategy: normal, platform: WINDOWS, platformName: WINDOWS, requireWindowFocus: false, unexpectedAlertBehaviour: dismiss, unhandledPromptBehavior: dismiss, version: 8}
Session ID: 25e6fb66-ee8a-4a48-8d56-10c3b0ef9db3
*** Element info: {Using=xpath, value=.//*[@id='loginForm']/div/input[1]}
at org.openqa.selenium.remote.ErrorHandler.createThrowable(ErrorHandler.java:214)
at org.openqa.selenium.remote.ErrorHandler.throwIfResponseFailed(ErrorHandler.java:166)
at org.openqa.selenium.remote.RemoteWebDriver.execute(RemoteWebDriver.java:582)
at org.openqa.selenium.remote.RemoteWebDriver.findElement(RemoteWebDriver.java:322)
at org.openqa.selenium.remote.RemoteWebDriver.findElementByXPath(RemoteWebDriver.java:424)
at org.openqa.selenium.By$ByXPath.findElement(By.java:353)
at org.openqa.selenium.remote.RemoteWebDriver.findElement(RemoteWebDriver.java:314)
at com.ttsl.crmapppages.Initializer.getElement(Initializer.java:86)
at com.ttsl.crmapppages.LoginTestPage.enterUserName(LoginTestPage.java:11)
at com.ttsl.crmapplogintestcase.LoginTestCase.setUp(LoginTestCase.java:39)
at java.util.concurrent.FutureTask.run(FutureTask.java:266)
at java.util.concurrent.ThreadPoolExecutor.runWorker(ThreadPoolExecutor.java:1149)
at java.util.concurrent.ThreadPoolExecutor$Worker.run(ThreadPoolExecutor.java:624)
at java.lang.Thread.run(Thread.java:748)
... Removed 21 stack frames]]>
    </failure>
  </testcase> <!-- @BeforeClass setUp -->
  <testcase name="@AfterMethod tearDown" time="0.0" classname="com.ttsl.crmapplogintestcase.LoginTestCase">
    <skipped/>
  </testcase> <!-- @AfterMethod tearDown -->
  <testcase name="@AfterMethod tearDown" time="0.0" classname="com.ttsl.crmapplogintestcase.LoginTestCase">
    <skipped/>
  </testcase> <!-- @AfterMethod tearDown -->
  <testcase name="@AfterMethod tearDown" time="0.0" classname="com.ttsl.crmapplogintestcase.LoginTestCase">
    <skipped/>
  </testcase> <!-- @AfterMethod tearDown -->
  <testcase name="@AfterMethod tearDown" time="0.0" classname="com.ttsl.crmapplogintestcase.LoginTestCase">
    <skipped/>
  </testcase> <!-- @AfterMethod tearDown -->
  <testcase name="@AfterMethod tearDown" time="0.0" classname="com.ttsl.crmapplogintestcase.LoginTestCase">
    <skipped/>
  </testcase> <!-- @AfterMethod tearDown -->
  <testcase name="enterContactDetails" time="0.0" classname="com.ttsl.crmapplogintestcase.LoginTestCase">
    <skipped/>
  </testcase> <!-- enterContactDetails -->
  <testcase name="enterContactDetails" time="0.0" classname="com.ttsl.crmapplogintestcase.LoginTestCase">
    <skipped/>
  </testcase> <!-- enterContactDetails -->
  <testcase name="enterContactDetails" time="0.0" classname="com.ttsl.crmapplogintestcase.LoginTestCase">
    <skipped/>
  </testcase> <!-- enterContactDetails -->
  <testcase name="enterContactDetails" time="0.0" classname="com.ttsl.crmapplogintestcase.LoginTestCase">
    <skipped/>
  </testcase> <!-- enterContactDetails -->
  <testcase name="enterContactDetails" time="0.0" classname="com.ttsl.crmapplogintestcase.LoginTestCase">
    <skipped/>
  </testcase> <!-- enterContactDetails -->
</testsuite> <!-- TestFirFox -->
